app/build/outputs/logs/manifest-merger-aV5-debug-report.txt
-- Merging decision tree log ---
manifest
ADDED from src\main\AndroidManifest.xml:2:1-164:12
	package
		ADDED from src\main\AndroidManifest.xml:3:5-33
	android:versionName
		ADDED from src\main\AndroidManifest.xml:6:5-32
		INJECTED from src\main\AndroidManifest.xml
		INJECTED from src\main\AndroidManifest.xml
	android:versionCode
		ADDED from src\main\AndroidManifest.xml:5:5-29
		INJECTED from src\main\AndroidManifest.xml
		INJECTED from src\main\AndroidManifest.xml
	xmlns:android
		ADDED from src\main\AndroidManifest.xml:2:11-69
	android:installLocation
		ADDED from src\main\AndroidManifest.xml:4:5-35
uses-sdk
ADDED from src\main\AndroidManifest.xml:8:5-10:41
MERGED from [com.viewpagerindicator:library:2.4.1] AndroidManifest.xml:3:5-42
MERGED from [com.android.support:appcompat-v7:23.1.0] AndroidManifest.xml:20:5-43
MERGED from [com.android.support:support-v4:23.1.1] AndroidManifest.xml:20:5-43
MERGED from [com.android.support:design:23.1.0] AndroidManifest.xml:20:5-43
MERGED from [com.android.support:appcompat-v7:23.1.0] AndroidManifest.xml:20:5-43
MERGED from [com.android.support:support-v4:23.1.1] AndroidManifest.xml:20:5-43
MERGED from [com.android.support:recyclerview-v7:23.1.0] AndroidManifest.xml:20:5-43
MERGED from [com.android.support:support-v4:23.1.1] AndroidManifest.xml:20:5-43
MERGED from [com.android.support:support-v4:23.1.1] AndroidManifest.xml:20:5-43
MERGED from [com.github.clans:fab:1.6.3] AndroidManifest.xml:8:5-10:41
MERGED from [foodscanner.tess-two:tess-two:unspecified] AndroidManifest.xml:22:5-24:41
MERGED from [com.android.support:cardview-v7:23.1.0] AndroidManifest.xml:20:5-43
MERGED from [me.dm7.barcodescanner:zxing:1.8.4] AndroidManifest.xml:7:5-9:41
MERGED from [me.dm7.barcodescanner:core:1.8.4] AndroidManifest.xml:7:5-9:41
MERGED from [com.android.support:support-v4:23.1.1] AndroidManifest.xml:20:5-43
MERGED from [com.crashlytics.sdk.android:crashlytics:2.4.0] AndroidManifest.xml:7:5-43
MERGED from [io.fabric.sdk.android:fabric:1.3.4] AndroidManifest.xml:23:5-43
MERGED from [com.crashlytics.sdk.android:crashlytics-core:2.3.3] AndroidManifest.xml:7:5-43
MERGED from [io.fabric.sdk.android:fabric:1.3.4] AndroidManifest.xml:23:5-43
MERGED from [com.crashlytics.sdk.android:answers:1.2.2] AndroidManifest.xml:7:5-43
MERGED from [io.fabric.sdk.android:fabric:1.3.4] AndroidManifest.xml:23:5-43
MERGED from [com.crashlytics.sdk.android:beta:1.1.3] AndroidManifest.xml:7:5-43
MERGED from [io.fabric.sdk.android:fabric:1.3.4] AndroidManifest.xml:23:5-43
MERGED from [com.crashlytics.sdk.android:answers:1.2.2] AndroidManifest.xml:7:5-43
MERGED from [io.fabric.sdk.android:fabric:1.3.4] AndroidManifest.xml:23:5-43
MERGED from [com.squareup.leakcanary:leakcanary-android:1.3.1] AndroidManifest.xml:20:5-22:41
	android:targetSdkVersion
		ADDED from src\main\AndroidManifest.xml:10:9-38
	android:minSdkVersion
		ADDED from src\main\AndroidManifest.xml:9:9-35
uses-permission#android.permission.WRITE_EXTERNAL_STORAGE
ADDED from src\main\AndroidManifest.xml:12:5-81
MERGED from [com.squareup.leakcanary:leakcanary-android:1.3.1] AndroidManifest.xml:25:5-81
	android:name
		ADDED from src\main\AndroidManifest.xml:12:22-78
uses-permission#android.permission.INTERNET
ADDED from src\main\AndroidManifest.xml:13:5-67
MERGED from [com.crashlytics.sdk.android:crashlytics:2.4.0] AndroidManifest.xml:9:5-67
MERGED from [com.crashlytics.sdk.android:crashlytics-core:2.3.3] AndroidManifest.xml:9:5-67
	android:name
		ADDED from src\main\AndroidManifest.xml:13:22-64
uses-permission#android.permission.READ_PHONE_STATE
ADDED from src\main\AndroidManifest.xml:14:5-75
	android:name
		ADDED from src\main\AndroidManifest.xml:14:22-72
uses-permission#android.permission.READ_EXTERNAL_STORAGE
ADDED from src\main\AndroidManifest.xml:15:5-80
	android:name
		ADDED from src\main\AndroidManifest.xml:15:22-77
uses-permission#android.permission.CAMERA
ADDED from src\main\AndroidManifest.xml:16:5-65
	android:name
		ADDED from src\main\AndroidManifest.xml:16:22-62
application
ADDED from src\main\AndroidManifest.xml:18:5-162:19
MERGED from [com.android.support:appcompat-v7:23.1.0] AndroidManifest.xml:22:5-20
MERGED from [com.android.support:support-v4:23.1.1] AndroidManifest.xml:22:5-20
MERGED from [com.android.support:design:23.1.0] AndroidManifest.xml:22:5-20
MERGED from [com.android.support:appcompat-v7:23.1.0] AndroidManifest.xml:22:5-20
MERGED from [com.android.support:support-v4:23.1.1] AndroidManifest.xml:22:5-20
MERGED from [com.android.support:support-v4:23.1.1] AndroidManifest.xml:22:5-20
MERGED from [com.android.support:support-v4:23.1.1] AndroidManifest.xml:22:5-20
MERGED from [com.github.clans:fab:1.6.3] AndroidManifest.xml:12:5-20
MERGED from [com.android.support:cardview-v7:23.1.0] AndroidManifest.xml:22:5-20
MERGED from [me.dm7.barcodescanner:zxing:1.8.4] AndroidManifest.xml:11:5-20
MERGED from [me.dm7.barcodescanner:core:1.8.4] AndroidManifest.xml:11:5-20
MERGED from [com.android.support:support-v4:23.1.1] AndroidManifest.xml:22:5-20
MERGED from [com.crashlytics.sdk.android:crashlytics:2.4.0] AndroidManifest.xml:11:5-20
MERGED from [io.fabric.sdk.android:fabric:1.3.4] AndroidManifest.xml:25:5-20
MERGED from [com.crashlytics.sdk.android:crashlytics-core:2.3.3] AndroidManifest.xml:11:5-20
MERGED from [io.fabric.sdk.android:fabric:1.3.4] AndroidManifest.xml:25:5-20
MERGED from [com.crashlytics.sdk.android:answers:1.2.2] AndroidManifest.xml:9:5-20
MERGED from [io.fabric.sdk.android:fabric:1.3.4] AndroidManifest.xml:25:5-20
MERGED from [com.crashlytics.sdk.android:beta:1.1.3] AndroidManifest.xml:9:5-20
MERGED from [io.fabric.sdk.android:fabric:1.3.4] AndroidManifest.xml:25:5-20
MERGED from [com.crashlytics.sdk.android:answers:1.2.2] AndroidManifest.xml:9:5-20
MERGED from [io.fabric.sdk.android:fabric:1.3.4] AndroidManifest.xml:25:5-20
MERGED from [com.squareup.leakcanary:leakcanary-android:1.3.1] AndroidManifest.xml:27:5-49:19
	android:hasCode
		ADDED from src\main\AndroidManifest.xml:22:9-31
	android:label
		ADDED from src\main\AndroidManifest.xml:26:9-41
	android:supportsRtl
		ADDED from src\main\AndroidManifest.xml:28:9-35
	android:allowClearUserData
		ADDED from src\main\AndroidManifest.xml:23:9-42
	android:hardwareAccelerated
		ADDED from src\main\AndroidManifest.xml:21:9-43
	android:allowBackup
		ADDED from src\main\AndroidManifest.xml:20:9-35
	android:icon
		ADDED from src\main\AndroidManifest.xml:24:9-47
	android:installLocation
		ADDED from src\main\AndroidManifest.xml:25:9-39
	android:largeHeap
		ADDED from src\main\AndroidManifest.xml:27:9-33
	android:theme
		ADDED from src\main\AndroidManifest.xml:29:9-40
	android:name
		ADDED from src\main\AndroidManifest.xml:19:9-38
provider#android.support.v4.content.FileProvider
ADDED from src\main\AndroidManifest.xml:30:9-38:20
	android:authorities
		ADDED from src\main\AndroidManifest.xml:32:13-65
	android:grantUriPermissions
		ADDED from src\main\AndroidManifest.xml:34:13-47
	android:exported
		ADDED from src\main\AndroidManifest.xml:33:13-37
	android:name
		ADDED from src\main\AndroidManifest.xml:31:13-67
meta-data#android.support.FILE_PROVIDER_PATHS
ADDED from src\main\AndroidManifest.xml:35:13-37:53
	android:resource
		ADDED from src\main\AndroidManifest.xml:37:17-50
	android:name
		ADDED from src\main\AndroidManifest.xml:36:17-67
provider#com.ds.FoodScanner.DocumentContentProvider
ADDED from src\main\AndroidManifest.xml:39:9-42:40
	android:authorities
		ADDED from src\main\AndroidManifest.xml:41:13-53
	android:exported
		ADDED from src\main\AndroidManifest.xml:42:13-37
	android:name
		ADDED from src\main\AndroidManifest.xml:40:13-52
activity#com.ds.FoodScanner.MainActivity
ADDED from src\main\AndroidManifest.xml:44:9-54:20
	android:label
		ADDED from src\main\AndroidManifest.xml:46:13-45
	android:launchMode
		ADDED from src\main\AndroidManifest.xml:47:13-43
	android:theme
		ADDED from src\main\AndroidManifest.xml:48:13-56
	android:name
		ADDED from src\main\AndroidManifest.xml:45:13-41
intent-filter#android.intent.action.MAIN+android.intent.category.LAUNCHER
ADDED from src\main\AndroidManifest.xml:49:13-53:29
action#android.intent.action.MAIN
ADDED from src\main\AndroidManifest.xml:50:17-69
	android:name
		ADDED from src\main\AndroidManifest.xml:50:25-66
category#android.intent.category.LAUNCHER
ADDED from src\main\AndroidManifest.xml:52:17-77
	android:name
		ADDED from src\main\AndroidManifest.xml:52:27-74
activity#com.ds.FoodScanner.OCRActivity
ADDED from src\main\AndroidManifest.xml:57:9-59:46
	android:launchMode
		ADDED from src\main\AndroidManifest.xml:59:13-43
	android:name
		ADDED from src\main\AndroidManifest.xml:58:13-40
activity#com.ds.documentview.DocumentActivity
ADDED from src\main\AndroidManifest.xml:62:9-70:20
	android:launchMode
		ADDED from src\main\AndroidManifest.xml:65:13-43
	android:windowSoftInputMode
		ADDED from src\main\AndroidManifest.xml:66:13-55
	android:configChanges
		ADDED from src\main\AndroidManifest.xml:64:13-60
	android:name
		ADDED from src\main\AndroidManifest.xml:63:13-64
meta-data#android.support.PARENT_ACTIVITY
ADDED from src\main\AndroidManifest.xml:67:13-69:67
	android:value
		ADDED from src\main\AndroidManifest.xml:69:17-64
	android:name
		ADDED from src\main\AndroidManifest.xml:68:17-63
activity#com.ds.FoodScanner.help.HelpActivity
ADDED from src\main\AndroidManifest.xml:73:9-79:20
	android:label
		ADDED from src\main\AndroidManifest.xml:75:13-41
	android:name
		ADDED from src\main\AndroidManifest.xml:74:13-46
activity#com.ds.FoodScanner.help.OCRLanguageActivity
ADDED from src\main\AndroidManifest.xml:82:9-88:20
	android:label
		ADDED from src\main\AndroidManifest.xml:84:13-55
	android:name
		ADDED from src\main\AndroidManifest.xml:83:13-53
activity#com.ds.documentview.TableOfContentsActivity
ADDED from src\main\AndroidManifest.xml:91:9-97:20
	android:label
		ADDED from src\main\AndroidManifest.xml:93:13-46
	android:name
		ADDED from src\main\AndroidManifest.xml:92:13-71
activity#com.ds.install.InstallActivity
ADDED from src\main\AndroidManifest.xml:100:9-103:72
	android:label
		ADDED from src\main\AndroidManifest.xml:102:13-46
	android:theme
		ADDED from src\main\AndroidManifest.xml:103:13-69
	android:name
		ADDED from src\main\AndroidManifest.xml:101:13-58
activity#com.ds.FoodScanner.cropimage.CropImageActivity
ADDED from src\main\AndroidManifest.xml:106:9-110:60
	android:label
		ADDED from src\main\AndroidManifest.xml:109:13-47
	android:configChanges
		ADDED from src\main\AndroidManifest.xml:108:13-63
	android:uiOptions
		ADDED from src\main\AndroidManifest.xml:110:13-57
	android:name
		ADDED from src\main\AndroidManifest.xml:107:13-56
service#com.ds.FoodScanner.help.OCRLanguageInstallService
ADDED from src\main\AndroidManifest.xml:113:9-67
	android:name
		ADDED from src\main\AndroidManifest.xml:113:18-64
receiver#com.ds.FoodScanner.help.DownloadBroadCastReceiver
ADDED from src\main\AndroidManifest.xml:115:9-119:20
	android:name
		ADDED from src\main\AndroidManifest.xml:115:19-65
intent-filter#android.intent.action.DOWNLOAD_COMPLETE
ADDED from src\main\AndroidManifest.xml:116:13-118:29
action#android.intent.action.DOWNLOAD_COMPLETE
ADDED from src\main\AndroidManifest.xml:117:17-82
	android:name
		ADDED from src\main\AndroidManifest.xml:117:25-79
activity#com.ds.FoodScanner.help.LicenseActivity
ADDED from src\main\AndroidManifest.xml:123:9-129:20
	android:label
		ADDED from src\main\AndroidManifest.xml:125:13-55
	android:name
		ADDED from src\main\AndroidManifest.xml:124:13-49
activity#com.ds.FoodScanner.help.AboutActivity
ADDED from src\main\AndroidManifest.xml:132:9-138:20
	android:label
		ADDED from src\main\AndroidManifest.xml:134:13-42
	android:name
		ADDED from src\main\AndroidManifest.xml:133:13-47
activity#com.ds.FoodScanner.BarcodeScanner.FullScannerActivity
ADDED from src\main\AndroidManifest.xml:141:9-149:20
	android:label
		ADDED from src\main\AndroidManifest.xml:143:13-44
	android:uiOptions
		ADDED from src\main\AndroidManifest.xml:145:13-57
	android:theme
		ADDED from src\main\AndroidManifest.xml:144:13-51
	android:name
		ADDED from src\main\AndroidManifest.xml:142:13-63
meta-data#android.support.UI_OPTIONS
ADDED from src\main\AndroidManifest.xml:146:13-148:60
	android:value
		ADDED from src\main\AndroidManifest.xml:148:17-57
	android:name
		ADDED from src\main\AndroidManifest.xml:147:17-58
activity#com.ds.FoodScanner.ResultActivity
ADDED from src\main\AndroidManifest.xml:152:9-157:20
	android:label
		ADDED from src\main\AndroidManifest.xml:153:13-44
	android:name
		ADDED from src\main\AndroidManifest.xml:152:19-49
meta-data#io.fabric.ApiKey
ADDED from src\main\AndroidManifest.xml:159:9-161:72
	android:value
		ADDED from src\main\AndroidManifest.xml:161:13-69
	android:name
		ADDED from src\main\AndroidManifest.xml:160:13-44
service#com.squareup.leakcanary.internal.HeapAnalyzerService
ADDED from [com.squareup.leakcanary:leakcanary-android:1.3.1] AndroidManifest.xml:28:9-31:45
	android:enabled
		ADDED from [com.squareup.leakcanary:leakcanary-android:1.3.1] AndroidManifest.xml:30:13-36
	android:process
		ADDED from [com.squareup.leakcanary:leakcanary-android:1.3.1] AndroidManifest.xml:31:13-42
	android:name
		ADDED from [com.squareup.leakcanary:leakcanary-android:1.3.1] AndroidManifest.xml:29:13-80
service#com.squareup.leakcanary.DisplayLeakService
ADDED from [com.squareup.leakcanary:leakcanary-android:1.3.1] AndroidManifest.xml:32:9-34:39
	android:enabled
		ADDED from [com.squareup.leakcanary:leakcanary-android:1.3.1] AndroidManifest.xml:34:13-36
	android:name
		ADDED from [com.squareup.leakcanary:leakcanary-android:1.3.1] AndroidManifest.xml:33:13-70
activity#com.squareup.leakcanary.internal.DisplayLeakActivity
ADDED from [com.squareup.leakcanary:leakcanary-android:1.3.1] AndroidManifest.xml:36:9-48:20
	android:enabled
		ADDED from [com.squareup.leakcanary:leakcanary-android:1.3.1] AndroidManifest.xml:38:13-36
	android:label
		ADDED from [com.squareup.leakcanary:leakcanary-android:1.3.1] AndroidManifest.xml:40:13-73
	android:icon
		ADDED from [com.squareup.leakcanary:leakcanary-android:1.3.1] AndroidManifest.xml:39:13-56
	android:theme
		ADDED from [com.squareup.leakcanary:leakcanary-android:1.3.1] AndroidManifest.xml:42:13-53
	android:taskAffinity
		ADDED from [com.squareup.leakcanary:leakcanary-android:1.3.1] AndroidManifest.xml:41:13-59
	android:name
		ADDED from [com.squareup.leakcanary:leakcanary-android:1.3.1] AndroidManifest.xml:37:13-80